  Collider.cpp
  EndingScene.cpp
  GameObject.cpp
C:\Users\User\Desktop\Win32 Game\Scene\MyFirstWndGame.h(91,99): warning C4244: '인수': 'const int'에서 'float'(으)로 변환하면서 데이터가 손실될 수 있습니다.
  (소스 파일 'EndingScene.cpp'을(를) 컴파일하는 중)
  
C:\Users\User\Desktop\Win32 Game\Scene\MyFirstWndGame.h(91,78): warning C4244: '인수': 'const int'에서 'float'(으)로 변환하면서 데이터가 손실될 수 있습니다.
  (소스 파일 'EndingScene.cpp'을(를) 컴파일하는 중)
  
C:\Users\User\Desktop\Win32 Game\Scene\MyFirstWndGame.h(92,93): warning C4244: '인수': 'const int'에서 'float'(으)로 변환하면서 데이터가 손실될 수 있습니다.
  (소스 파일 'EndingScene.cpp'을(를) 컴파일하는 중)
  
C:\Users\User\Desktop\Win32 Game\Scene\MyFirstWndGame.h(92,74): warning C4244: '인수': 'const int'에서 'float'(으)로 변환하면서 데이터가 손실될 수 있습니다.
  (소스 파일 'EndingScene.cpp'을(를) 컴파일하는 중)
  
C:\Users\User\Desktop\Win32 Game\Scene\GameObject.cpp(95,41): warning C4244: '인수': 'double'에서 'int'(으)로 변환하면서 데이터가 손실될 수 있습니다.
C:\Users\User\Desktop\Win32 Game\Scene\GameObject.cpp(94,41): warning C4244: '인수': 'double'에서 'int'(으)로 변환하면서 데이터가 손실될 수 있습니다.
C:\Users\User\Desktop\Win32 Game\Scene\GameObject.cpp(93,41): warning C4244: '인수': 'double'에서 'int'(으)로 변환하면서 데이터가 손실될 수 있습니다.
C:\Users\User\Desktop\Win32 Game\Scene\GameObject.cpp(92,50): warning C4244: '인수': 'double'에서 'int'(으)로 변환하면서 데이터가 손실될 수 있습니다.
C:\Users\User\Desktop\Win32 Game\Scene\GameObject.cpp(103,38): warning C4244: '인수': 'float'에서 'int'(으)로 변환하면서 데이터가 손실될 수 있습니다.
C:\Users\User\Desktop\Win32 Game\Scene\GameObject.cpp(102,38): warning C4244: '인수': 'float'에서 'int'(으)로 변환하면서 데이터가 손실될 수 있습니다.
C:\Users\User\Desktop\Win32 Game\Scene\GameObject.cpp(101,38): warning C4244: '인수': 'float'에서 'int'(으)로 변환하면서 데이터가 손실될 수 있습니다.
C:\Users\User\Desktop\Win32 Game\Scene\GameObject.cpp(100,49): warning C4244: '인수': 'float'에서 'int'(으)로 변환하면서 데이터가 손실될 수 있습니다.
C:\Users\User\Desktop\Win32 Game\Scene\GameObject.cpp(161,27): warning C4244: '초기화 중': 'float'에서 'int'(으)로 변환하면서 데이터가 손실될 수 있습니다.
C:\Users\User\Desktop\Win32 Game\Scene\GameObject.cpp(161,17): warning C4244: '초기화 중': 'float'에서 'const int'(으)로 변환하면서 데이터가 손실될 수 있습니다.
C:\Users\User\Desktop\Win32 Game\Scene\GameObject.cpp(162,27): warning C4244: '초기화 중': 'float'에서 'int'(으)로 변환하면서 데이터가 손실될 수 있습니다.
C:\Users\User\Desktop\Win32 Game\Scene\GameObject.cpp(162,17): warning C4244: '초기화 중': 'float'에서 'const int'(으)로 변환하면서 데이터가 손실될 수 있습니다.
  GameTimer.cpp
  main.cpp
C:\Users\User\Desktop\Win32 Game\Scene\MyFirstWndGame.h(91,99): warning C4244: '인수': 'const int'에서 'float'(으)로 변환하면서 데이터가 손실될 수 있습니다.
  (소스 파일 'main.cpp'을(를) 컴파일하는 중)
  
C:\Users\User\Desktop\Win32 Game\Scene\MyFirstWndGame.h(91,78): warning C4244: '인수': 'const int'에서 'float'(으)로 변환하면서 데이터가 손실될 수 있습니다.
  (소스 파일 'main.cpp'을(를) 컴파일하는 중)
  
C:\Users\User\Desktop\Win32 Game\Scene\MyFirstWndGame.h(92,93): warning C4244: '인수': 'const int'에서 'float'(으)로 변환하면서 데이터가 손실될 수 있습니다.
  (소스 파일 'main.cpp'을(를) 컴파일하는 중)
  
C:\Users\User\Desktop\Win32 Game\Scene\MyFirstWndGame.h(92,74): warning C4244: '인수': 'const int'에서 'float'(으)로 변환하면서 데이터가 손실될 수 있습니다.
  (소스 파일 'main.cpp'을(를) 컴파일하는 중)
  
  MyFirstWndGame.cpp
C:\Users\User\Desktop\Win32 Game\Scene\MyFirstWndGame.h(91,99): warning C4244: '인수': 'const int'에서 'float'(으)로 변환하면서 데이터가 손실될 수 있습니다.
  (소스 파일 'MyFirstWndGame.cpp'을(를) 컴파일하는 중)
  
C:\Users\User\Desktop\Win32 Game\Scene\MyFirstWndGame.h(91,78): warning C4244: '인수': 'const int'에서 'float'(으)로 변환하면서 데이터가 손실될 수 있습니다.
  (소스 파일 'MyFirstWndGame.cpp'을(를) 컴파일하는 중)
  
C:\Users\User\Desktop\Win32 Game\Scene\MyFirstWndGame.h(92,93): warning C4244: '인수': 'const int'에서 'float'(으)로 변환하면서 데이터가 손실될 수 있습니다.
  (소스 파일 'MyFirstWndGame.cpp'을(를) 컴파일하는 중)
  
C:\Users\User\Desktop\Win32 Game\Scene\MyFirstWndGame.h(92,74): warning C4244: '인수': 'const int'에서 'float'(으)로 변환하면서 데이터가 손실될 수 있습니다.
  (소스 파일 'MyFirstWndGame.cpp'을(를) 컴파일하는 중)
  
  NzWndBase.cpp
  Physics.cpp
  PlayScene.cpp
C:\Users\User\Desktop\Win32 Game\Scene\MyFirstWndGame.h(91,99): warning C4244: '인수': 'const int'에서 'float'(으)로 변환하면서 데이터가 손실될 수 있습니다.
  (소스 파일 'PlayScene.cpp'을(를) 컴파일하는 중)
  
C:\Users\User\Desktop\Win32 Game\Scene\MyFirstWndGame.h(91,78): warning C4244: '인수': 'const int'에서 'float'(으)로 변환하면서 데이터가 손실될 수 있습니다.
  (소스 파일 'PlayScene.cpp'을(를) 컴파일하는 중)
  
C:\Users\User\Desktop\Win32 Game\Scene\MyFirstWndGame.h(92,93): warning C4244: '인수': 'const int'에서 'float'(으)로 변환하면서 데이터가 손실될 수 있습니다.
  (소스 파일 'PlayScene.cpp'을(를) 컴파일하는 중)
  
C:\Users\User\Desktop\Win32 Game\Scene\MyFirstWndGame.h(92,74): warning C4244: '인수': 'const int'에서 'float'(으)로 변환하면서 데이터가 손실될 수 있습니다.
  (소스 파일 'PlayScene.cpp'을(를) 컴파일하는 중)
  
  RenderHelp.cpp
  TitleScene.cpp
C:\Users\User\Desktop\Win32 Game\Scene\MyFirstWndGame.h(91,99): warning C4244: '인수': 'const int'에서 'float'(으)로 변환하면서 데이터가 손실될 수 있습니다.
  (소스 파일 'TitleScene.cpp'을(를) 컴파일하는 중)
  
C:\Users\User\Desktop\Win32 Game\Scene\MyFirstWndGame.h(91,78): warning C4244: '인수': 'const int'에서 'float'(으)로 변환하면서 데이터가 손실될 수 있습니다.
  (소스 파일 'TitleScene.cpp'을(를) 컴파일하는 중)
  
C:\Users\User\Desktop\Win32 Game\Scene\MyFirstWndGame.h(92,93): warning C4244: '인수': 'const int'에서 'float'(으)로 변환하면서 데이터가 손실될 수 있습니다.
  (소스 파일 'TitleScene.cpp'을(를) 컴파일하는 중)
  
C:\Users\User\Desktop\Win32 Game\Scene\MyFirstWndGame.h(92,74): warning C4244: '인수': 'const int'에서 'float'(으)로 변환하면서 데이터가 손실될 수 있습니다.
  (소스 파일 'TitleScene.cpp'을(를) 컴파일하는 중)
  
  Utillity.cpp
  코드를 생성하고 있습니다...
  Scene.vcxproj -> C:\Users\User\Desktop\Win32 Game\x64\Debug\Scene.exe
